<?xml version="1.0" encoding="UTF-8"?>
<testng-results ignored="0" total="2" passed="2" failed="0" skipped="0">
  <reporter-output>
  </reporter-output>
  <suite started-at="2024-07-26T04:03:03 IST" name="Default suite" finished-at="2024-07-26T04:03:05 IST" duration-ms="2102">
    <groups>
    </groups>
    <test started-at="2024-07-26T04:03:03 IST" name="Default test" finished-at="2024-07-26T04:03:05 IST" duration-ms="2102">
      <class name="crud.Test_GetMethod">
        <test-method signature="Test02()[pri:0, instance:crud.Test_GetMethod@21282ed8]" started-at="2024-07-26T04:03:03 IST" name="Test02" finished-at="2024-07-26T04:03:05 IST" duration-ms="1874" status="PASS">
          <reporter-output>
          </reporter-output>
        </test-method> <!-- Test02 -->
        <test-method signature="test01()[pri:0, instance:crud.Test_GetMethod@21282ed8]" started-at="2024-07-26T04:03:05 IST" name="test01" finished-at="2024-07-26T04:03:05 IST" duration-ms="171" status="PASS">
          <reporter-output>
          </reporter-output>
        </test-method> <!-- test01 -->
      </class> <!-- crud.Test_GetMethod -->
    </test> <!-- Default test -->
  </suite> <!-- Default suite -->
</testng-results>
