<?xml version="1.0" encoding="UTF-8"?>
<testng-results ignored="0" total="1" passed="1" failed="0" skipped="0">
  <reporter-output>
  </reporter-output>
  <suite started-at="2024-07-26T02:39:32 IST" name="Default suite" finished-at="2024-07-26T02:39:34 IST" duration-ms="2004">
    <groups>
    </groups>
    <test started-at="2024-07-26T02:39:32 IST" name="Default test" finished-at="2024-07-26T02:39:34 IST" duration-ms="2004">
      <class name="FirstGetRequest">
        <test-method signature="testcase01()[pri:0, instance:FirstGetRequest@7bab3f1a]" started-at="2024-07-26T02:39:32 IST" name="testcase01" finished-at="2024-07-26T02:39:34 IST" duration-ms="1901" status="PASS">
          <reporter-output>
          </reporter-output>
        </test-method> <!-- testcase01 -->
      </class> <!-- FirstGetRequest -->
    </test> <!-- Default test -->
  </suite> <!-- Default suite -->
</testng-results>
